,param_index,param,threshold,train_pr_rec_auc,train_rec_at_fixed_pr,test_pr_rec_auc,test_rec_at_fixed_pr
0,-1,"{'colsample_bylevel': 1, 'colsample_bynode': 1, 'colsample_bytree': 1, 'gamma': 0, 'learning_rate': 0.1, 'max_depth': 3, 'n_estimators': 100, 'reg_alpha': 0, 'reg_lambda': 1, 'scale_pos_weight': 1}",0.5504771,0.986918337724709,0.9420935412026726,0.986918337724709,0.9420935412026726
0,0,"{'n_estimators': 100, 'learning_rate': 0.1, 'max_depth': 6, 'subsample': 0.5, 'gamma': 0.25, 'colsample_bytree': 0.75, 'reg_alpha': 0.5, 'reg_lambda': 1.0, 'scale_pos_weight': 10}",0.5056343,0.9937110821456532,0.9933184855233853,0.9937110821456532,0.9933184855233853
0,1,"{'n_estimators': 100, 'learning_rate': 0.1, 'max_depth': 1, 'subsample': 1.0, 'gamma': 0.0, 'colsample_bytree': 0.5, 'reg_alpha': 1.0, 'reg_lambda': 0.1, 'scale_pos_weight': 50}",0.99089044,0.9501553958717635,0.7216035634743875,0.9501553958717635,0.7216035634743875
0,2,"{'n_estimators': 100, 'learning_rate': 0.1, 'max_depth': 4, 'subsample': 1.0, 'gamma': 0.05, 'colsample_bytree': 0.5, 'reg_alpha': 0.0, 'reg_lambda': 0.0, 'scale_pos_weight': 10}",0.693036,0.987458274698561,0.9844097995545658,0.987458274698561,0.9844097995545658
0,3,"{'n_estimators': 100, 'learning_rate': 0.1, 'max_depth': 3, 'subsample': 0.7, 'gamma': 0.0, 'colsample_bytree': 0.5, 'reg_alpha': 1.0, 'reg_lambda': 0.1, 'scale_pos_weight': 50}",0.9822869,0.9717436707830593,0.8819599109131403,0.9717436707830593,0.8819599109131403
0,-1,"{'colsample_bylevel': 1, 'colsample_bynode': 1, 'colsample_bytree': 1, 'gamma': 0, 'learning_rate': 0.1, 'max_depth': 3, 'n_estimators': 100, 'reg_alpha': 0, 'reg_lambda': 1, 'scale_pos_weight': 1}",0.32610583,0.9785588155697885,0.9844097995545658,0.9785588155697885,0.9844097995545658
0,0,"{'n_estimators': 100, 'learning_rate': 0.1, 'max_depth': 6, 'subsample': 0.5, 'gamma': 0.25, 'colsample_bytree': 0.75, 'reg_alpha': 0.5, 'reg_lambda': 1.0, 'scale_pos_weight': 10}",0.5455632,0.9950968963962382,0.9933184855233853,0.9950968963962382,0.9933184855233853
0,1,"{'n_estimators': 100, 'learning_rate': 0.1, 'max_depth': 1, 'subsample': 1.0, 'gamma': 0.0, 'colsample_bytree': 0.5, 'reg_alpha': 1.0, 'reg_lambda': 0.1, 'scale_pos_weight': 50}",0.97802585,0.9717538787458836,0.8819599109131403,0.9717538787458836,0.8819599109131403
0,2,"{'n_estimators': 100, 'learning_rate': 0.1, 'max_depth': 4, 'subsample': 1.0, 'gamma': 0.05, 'colsample_bytree': 0.5, 'reg_alpha': 0.0, 'reg_lambda': 0.0, 'scale_pos_weight': 10}",0.71275413,0.9877754020982463,0.9933184855233853,0.9877754020982463,0.9933184855233853
0,3,"{'n_estimators': 100, 'learning_rate': 0.1, 'max_depth': 3, 'subsample': 0.7, 'gamma': 0.0, 'colsample_bytree': 0.5, 'reg_alpha': 1.0, 'reg_lambda': 0.1, 'scale_pos_weight': 50}",0.95585984,0.9766218050156191,0.9599109131403119,0.9766218050156191,0.9599109131403119
0,-1,"{'colsample_bylevel': 1, 'colsample_bynode': 1, 'colsample_bytree': 1, 'gamma': 0, 'learning_rate': 0.1, 'max_depth': 3, 'n_estimators': 100, 'reg_alpha': 0, 'reg_lambda': 1, 'scale_pos_weight': 1}",0.31642714,0.9882700772005449,0.9732739420935412,0.9882700772005449,0.9732739420935412
0,0,"{'n_estimators': 100, 'learning_rate': 0.1, 'max_depth': 6, 'subsample': 0.5, 'gamma': 0.25, 'colsample_bytree': 0.75, 'reg_alpha': 0.5, 'reg_lambda': 1.0, 'scale_pos_weight': 10}",0.37697312,0.9929172714366932,0.9910913140311804,0.9929172714366932,0.9910913140311804
0,1,"{'n_estimators': 100, 'learning_rate': 0.1, 'max_depth': 1, 'subsample': 1.0, 'gamma': 0.0, 'colsample_bytree': 0.5, 'reg_alpha': 1.0, 'reg_lambda': 0.1, 'scale_pos_weight': 50}",0.96708274,0.9708591335847983,0.9042316258351893,0.9708591335847983,0.9042316258351893
0,2,"{'n_estimators': 100, 'learning_rate': 0.1, 'max_depth': 4, 'subsample': 1.0, 'gamma': 0.05, 'colsample_bytree': 0.5, 'reg_alpha': 0.0, 'reg_lambda': 0.0, 'scale_pos_weight': 10}",0.6110006,0.9914467952672231,0.9888641425389755,0.9914467952672231,0.9888641425389755
0,3,"{'n_estimators': 100, 'learning_rate': 0.1, 'max_depth': 3, 'subsample': 0.7, 'gamma': 0.0, 'colsample_bytree': 0.5, 'reg_alpha': 1.0, 'reg_lambda': 0.1, 'scale_pos_weight': 50}",0.95955616,0.985141535897324,0.9398663697104677,0.985141535897324,0.9398663697104677
0,-1,"{'colsample_bylevel': 1, 'colsample_bynode': 1, 'colsample_bytree': 1, 'gamma': 0, 'learning_rate': 0.1, 'max_depth': 3, 'n_estimators': 100, 'reg_alpha': 0, 'reg_lambda': 1, 'scale_pos_weight': 1}",0.35372224,0.9906462645062288,0.9665924276169265,0.9906462645062288,0.9665924276169265
0,0,"{'n_estimators': 100, 'learning_rate': 0.1, 'max_depth': 6, 'subsample': 0.5, 'gamma': 0.25, 'colsample_bytree': 0.75, 'reg_alpha': 0.5, 'reg_lambda': 1.0, 'scale_pos_weight': 10}",0.30631402,0.9952484714502614,0.9933184855233853,0.9952484714502614,0.9933184855233853
0,1,"{'n_estimators': 100, 'learning_rate': 0.1, 'max_depth': 1, 'subsample': 1.0, 'gamma': 0.0, 'colsample_bytree': 0.5, 'reg_alpha': 1.0, 'reg_lambda': 0.1, 'scale_pos_weight': 50}",0.98252606,0.9635186683296747,0.844097995545657,0.9635186683296747,0.844097995545657
0,2,"{'n_estimators': 100, 'learning_rate': 0.1, 'max_depth': 4, 'subsample': 1.0, 'gamma': 0.05, 'colsample_bytree': 0.5, 'reg_alpha': 0.0, 'reg_lambda': 0.0, 'scale_pos_weight': 10}",0.5449897,0.9937783210307878,0.9888641425389755,0.9937783210307878,0.9888641425389755
0,3,"{'n_estimators': 100, 'learning_rate': 0.1, 'max_depth': 3, 'subsample': 0.7, 'gamma': 0.0, 'colsample_bytree': 0.5, 'reg_alpha': 1.0, 'reg_lambda': 0.1, 'scale_pos_weight': 50}",0.95077956,0.9856370193554465,0.9420935412026726,0.9856370193554465,0.9420935412026726
0,-1,"{'colsample_bylevel': 1, 'colsample_bynode': 1, 'colsample_bytree': 1, 'gamma': 0, 'learning_rate': 0.1, 'max_depth': 3, 'n_estimators': 100, 'reg_alpha': 0, 'reg_lambda': 1, 'scale_pos_weight': 1}",0.41247553,0.9862667815693464,0.9576837416481069,0.9862667815693464,0.9576837416481069
0,0,"{'n_estimators': 100, 'learning_rate': 0.1, 'max_depth': 6, 'subsample': 0.5, 'gamma': 0.25, 'colsample_bytree': 0.75, 'reg_alpha': 0.5, 'reg_lambda': 1.0, 'scale_pos_weight': 10}",0.47264162,0.9949072603196945,0.9844097995545658,0.9949072603196945,0.9844097995545658
0,1,"{'n_estimators': 100, 'learning_rate': 0.1, 'max_depth': 1, 'subsample': 1.0, 'gamma': 0.0, 'colsample_bytree': 0.5, 'reg_alpha': 1.0, 'reg_lambda': 0.1, 'scale_pos_weight': 50}",0.9797299,0.958039051483497,0.8351893095768375,0.958039051483497,0.8351893095768375
0,2,"{'n_estimators': 100, 'learning_rate': 0.1, 'max_depth': 4, 'subsample': 1.0, 'gamma': 0.05, 'colsample_bytree': 0.5, 'reg_alpha': 0.0, 'reg_lambda': 0.0, 'scale_pos_weight': 10}",0.6206281,0.9904226460883039,0.9821826280623608,0.9904226460883039,0.9821826280623608
0,3,"{'n_estimators': 100, 'learning_rate': 0.1, 'max_depth': 3, 'subsample': 0.7, 'gamma': 0.0, 'colsample_bytree': 0.5, 'reg_alpha': 1.0, 'reg_lambda': 0.1, 'scale_pos_weight': 50}",0.9515988,0.9819646388938312,0.9420935412026726,0.9819646388938312,0.9420935412026726
